--- Copying files at Tue Apr 21 12:21:51 UTC 2020
INSTALLED plugins/workflow-multibranch.jpi : 2.12
INSTALLED plugins/matrix-project.jpi : 1.14
INSTALLED plugins/pipeline-model-declarative-agent.jpi : 1.0.2
INSTALLED plugins/authentication-tokens.jpi : 1.3
INSTALLED plugins/pipeline-milestone-step.jpi : 1.3.1
INSTALLED plugins/pipeline-model-definition.jpi : 1.0.2
INSTALLED plugins/junit.jpi : 1.28
INSTALLED plugins/pam-auth.jpi : 1.6
INSTALLED plugins/jackson2-api.jpi : 2.10.3
INSTALLED plugins/momentjs.jpi : 1.1.1
INSTALLED plugins/bouncycastle-api.jpi : 2.18
INSTALLED plugins/workflow-cps-global-lib.jpi : 2.16
INSTALLED plugins/workflow-job.jpi : 2.38
INSTALLED plugins/variant.jpi : 1.3
INSTALLED plugins/openshift-login.jpi : 1.0.23
INSTALLED plugins/workflow-basic-steps.jpi : 2.20
INSTALLED plugins/kerberos-sso.jpi : 1.7
INSTALLED plugins/mercurial.jpi : 2.10
INSTALLED plugins/workflow-scm-step.jpi : 2.11
INSTALLED plugins/pipeline-stage-tags-metadata.jpi : 1.6.0
INSTALLED plugins/blueocean-i18n.jpi : 1.0.0-b24
INSTALLED plugins/cloudbees-folder.jpi : 6.12
INSTALLED plugins/script-security.jpi : 1.71
INSTALLED plugins/github-issues.jpi : 1.2.4
INSTALLED plugins/ldap.jpi : 1.23
INSTALLED plugins/gravatar.jpi : 2.1
INSTALLED plugins/git-client.jpi : 3.2.1
INSTALLED plugins/display-url-api.jpi : 2.3.2
INSTALLED plugins/docker-commons.jpi : 1.16
INSTALLED plugins/github-pullrequest.jpi : 0.2.8
INSTALLED plugins/google-login.jpi : 1.6
INSTALLED plugins/icon-shim.jpi : 2.0.3
INSTALLED plugins/blueocean-rest.jpi : 1.0.0-b24
INSTALLED plugins/resource-disposer.jpi : 0.14
INSTALLED plugins/workflow-cps.jpi : 2.80
INSTALLED plugins/workflow-aggregator.jpi : 2.6
INSTALLED plugins/github-branch-source.jpi : 2.6.0
INSTALLED plugins/oauth-credentials.jpi : 0.4
INSTALLED plugins/pipeline-build-step.jpi : 2.12
INSTALLED plugins/git-changelog.jpi : 1.45
INSTALLED plugins/build-timeout.jpi : 1.19.1
INSTALLED plugins/metrics.jpi : 4.0.2.6
INSTALLED plugins/pipeline-githubnotify-step.jpi : 1.0.5
INSTALLED plugins/blueocean-events.jpi : 1.0.0-b24
INSTALLED plugins/matrix-auth.jpi : 2.5
INSTALLED plugins/gitlab-merge-request-jenkins.jpi : 2.0.0
INSTALLED plugins/blueocean-config.jpi : 1.0.0-b24
INSTALLED plugins/openid4java.jpi : 0.9.8.0
INSTALLED plugins/blueocean-commons.jpi : 1.0.0-b24
INSTALLED plugins/ws-cleanup.jpi : 0.38
INSTALLED plugins/ssh-agent.jpi : 1.19
INSTALLED plugins/pipeline-utility-steps.jpi : 2.5.0
INSTALLED plugins/blueocean-autofavorite.jpi : 1.2.4
INSTALLED plugins/github-oauth.jpi : 0.33
INSTALLED plugins/openid.jpi : 2.4
INSTALLED plugins/token-macro.jpi : 2.12
INSTALLED plugins/gradle.jpi : 1.36
INSTALLED plugins/plain-credentials.jpi : 1.7
INSTALLED plugins/docker-workflow.jpi : 1.23
INSTALLED plugins/antisamy-markup-formatter.jpi : 2.0
INSTALLED plugins/blueocean-web.jpi : 1.0.0-b24
INSTALLED plugins/external-monitor-job.jpi : 1.7
INSTALLED plugins/pipeline-stage-step.jpi : 2.3
INSTALLED plugins/email-ext.jpi : 2.69
INSTALLED plugins/pubsub-light.jpi : 1.13
INSTALLED plugins/branch-api.jpi : 2.0.5
INSTALLED plugins/maven-plugin.jpi : 3.6
INSTALLED plugins/blueocean-display-url.jpi : 2.3.1
INSTALLED plugins/credentials-binding.jpi : 1.22
INSTALLED plugins/workflow-step-api.jpi : 2.22
INSTALLED plugins/blueocean-dashboard.jpi : 1.0.0-b24
INSTALLED plugins/blueocean-pipeline-api-impl.jpi : 1.0.0-b24
INSTALLED plugins/github-pr-coverage-status.jpi : 2.0.0
INSTALLED plugins/ace-editor.jpi : 1.1
INSTALLED plugins/sse-gateway.jpi : 1.23
INSTALLED plugins/blueocean-personalization.jpi : 1.0.0-b24
INSTALLED plugins/pipeline-input-step.jpi : 2.11
INSTALLED plugins/url-auth-sso.jpi : 1.0
INSTALLED plugins/ghprb.jpi : 1.42.0
INSTALLED plugins/pipeline-github-lib.jpi : 1.0
INSTALLED plugins/ant.jpi : 1.11
INSTALLED plugins/blueocean.jpi : 1.0.0-b24
INSTALLED plugins/mailer.jpi : 1.32
INSTALLED plugins/javadoc.jpi : 1.5
INSTALLED plugins/credentials.jpi : 2.3.7
INSTALLED plugins/git.jpi : 4.2.2
INSTALLED plugins/gitlab-plugin.jpi : 1.5.13
INSTALLED plugins/blueocean-git-pipeline.jpi : 1.0.0-b24
INSTALLED plugins/pipeline-rest-api.jpi : 2.13
INSTALLED plugins/blueocean-rest-impl.jpi : 1.0.0-b24
INSTALLED plugins/github.jpi : 1.29.5
INSTALLED plugins/github-api.jpi : 1.111
INSTALLED plugins/blueocean-jwt.jpi : 1.0.0-b24
INSTALLED plugins/windows-slaves.jpi : 1.6
INSTALLED plugins/pipeline-stage-view.jpi : 2.13
INSTALLED plugins/workflow-durable-task-step.jpi : 2.8
INSTALLED plugins/favorite.jpi : 2.3.2
INSTALLED plugins/oic-auth.jpi : 1.7
INSTALLED plugins/jquery-detached.jpi : 1.2.1
INSTALLED plugins/ssh-credentials.jpi : 1.18.1
INSTALLED plugins/subversion.jpi : 2.13.1
INSTALLED plugins/ssh-slaves.jpi : 1.31.2
INSTALLED plugins/handlebars.jpi : 1.1.1
INSTALLED plugins/mapdb-api.jpi : 1.0.9.0
INSTALLED plugins/github-organization-folder.jpi : 1.6
INSTALLED plugins/timestamper.jpi : 1.11.3
INSTALLED plugins/scm-api.jpi : 2.6.3
INSTALLED plugins/durable-task.jpi : 1.34
INSTALLED plugins/workflow-support.jpi : 3.4
INSTALLED plugins/workflow-api.jpi : 2.40
INSTALLED plugins/structs.jpi : 1.20
INSTALLED plugins/gitlab-oauth.jpi : 1.5
INSTALLED plugins/blueocean-github-pipeline.jpi : 1.0.0-b24
INSTALLED plugins/pipeline-model-api.jpi : 1.0.2
INSTALLED plugins/git-server.jpi : 1.9
INSTALLED plugins/pipeline-graph-analysis.jpi : 1.10
--- Copying files at Tue Apr 21 12:23:53 UTC 2020
--- Copying files at Tue Apr 21 12:47:50 UTC 2020
SKIPPED plugins/workflow-multibranch.jpi : Installed version (2.21) has been manually upgraded from initial version (2.12)
SKIPPED plugins/pipeline-model-declarative-agent.jpi : Installed version (1.1.1) has been manually upgraded from initial version (1.0.2)
SKIPPED plugins/pipeline-model-definition.jpi : Installed version (1.6.0) has been manually upgraded from initial version (1.0.2)
SKIPPED plugins/branch-api.jpi : Installed version (2.5.6) has been manually upgraded from initial version (2.0.5)
SKIPPED plugins/workflow-durable-task-step.jpi : Installed version (2.35) has been manually upgraded from initial version (2.8)
SKIPPED plugins/pipeline-model-api.jpi : Installed version (1.6.0) has been manually upgraded from initial version (1.0.2)
